Arguments: 
  /Users/martlandh/.nvm/versions/node/v14.4.0/bin/node /Users/martlandh/.nvm/versions/node/v14.4.0/bin/yarn init

PATH: 
  /Users/martlandh/.sdkman/candidates/visualvm/current/bin:/Users/martlandh/.sdkman/candidates/java/current/bin:/usr/local/opt/ruby/bin:/Users/martlandh/.nvm/versions/node/v14.4.0/bin:/Users/martlandh/Applications/google-cloud-sdk/bin:/opt/local/bin:/opt/local/sbin:/Users/martlandh/.cargo/bin:/usr/local/bin:/usr/bin:/bin:/usr/sbin:/sbin:/Library/Frameworks/Mono.framework/Versions/Current/Commands:/Applications/Wireshark.app/Contents/MacOS

Yarn version: 
  1.22.4

Node version: 
  14.4.0

Platform: 
  darwin x64

Trace: 
  Error: canceled
      at Interface.<anonymous> (/Users/martlandh/.nvm/versions/node/v14.4.0/lib/node_modules/yarn/lib/cli.js:137008:13)
      at Interface.emit (events.js:315:20)
      at Interface._ttyWrite (readline.js:873:16)
      at ReadStream.onkeypress (readline.js:213:10)
      at ReadStream.emit (events.js:315:20)
      at emitKeys (internal/readline/utils.js:335:14)
      at emitKeys.next (<anonymous>)
      at ReadStream.onData (readline.js:1140:36)
      at ReadStream.emit (events.js:315:20)
      at addChunk (_stream_readable.js:302:12)

npm manifest: 
  No manifest

yarn manifest: 
  No manifest

Lockfile: 
  # THIS IS AN AUTOGENERATED FILE. DO NOT EDIT THIS FILE DIRECTLY.
  # yarn lockfile v1
